[2025-11-28 15:55:13,772: INFO: main: Welcome to my custom log]
[2025-11-28 15:55:13,773: INFO: main: Welcome to my custom log]
[2025-12-01 13:38:27,137: INFO: main: Welcome to my custom log]
[2025-12-01 13:38:27,139: INFO: main: Welcome to my custom log]
[2025-12-01 13:38:33,377: INFO: main: >>>>>> Data Ingestion Stage started <<<<<<]
[2025-12-01 13:38:33,407: INFO: common: YAML file config\config.yaml loaded successfully]
[2025-12-01 13:38:33,442: INFO: common: YAML file params.yaml loaded successfully]
[2025-12-01 13:38:33,444: INFO: common: created directory at: artifacts]
[2025-12-01 13:38:33,445: INFO: common: created directory at: artifacts/data_ingestion]
[2025-12-01 13:38:33,447: INFO: data_ingestion: File already exists of size: ~ 11345 KB]
[2025-12-01 13:38:34,946: INFO: main: >>>>>> Data Ingestion Stage completed <<<<<<

x==========x]
[2025-12-01 13:40:10,434: INFO: main: Welcome to my custom log]
[2025-12-01 13:40:10,436: INFO: main: Welcome to my custom log]
[2025-12-01 13:40:11,773: INFO: main: >>>>>> Data Ingestion Stage started <<<<<<]
[2025-12-01 13:40:11,776: INFO: common: YAML file config\config.yaml loaded successfully]
[2025-12-01 13:40:11,780: INFO: common: YAML file params.yaml loaded successfully]
[2025-12-01 13:40:11,782: INFO: common: created directory at: artifacts]
[2025-12-01 13:40:11,783: INFO: common: created directory at: artifacts/data_ingestion]
[2025-12-01 13:40:18,500: INFO: data_ingestion: artifacts\data_ingestion\data.zip download! with following info: 
Connection: close
Content-Length: 11616915
Cache-Control: max-age=300
Content-Security-Policy: default-src 'none'; style-src 'unsafe-inline'; sandbox
Content-Type: application/zip
ETag: "adf745abc03891fe493c3be264ec012691fe3fa21d861f35a27edbe6d86a76b1"
Strict-Transport-Security: max-age=31536000
X-Content-Type-Options: nosniff
X-Frame-Options: deny
X-XSS-Protection: 1; mode=block
X-GitHub-Request-Id: 4AC4:5196E:764A80:E6AC16:692D4D5E
Accept-Ranges: bytes
Date: Mon, 01 Dec 2025 08:10:13 GMT
Via: 1.1 varnish
X-Served-By: cache-del21744-DEL
X-Cache: MISS
X-Cache-Hits: 0
X-Timer: S1764576613.777279,VS0,VE934
Vary: Authorization,Accept-Encoding
Access-Control-Allow-Origin: *
Cross-Origin-Resource-Policy: cross-origin
X-Fastly-Request-ID: ca70128b7040001f190f2c352db5b24e9a3047a8
Expires: Mon, 01 Dec 2025 08:15:13 GMT
Source-Age: 1

]
[2025-12-01 13:40:19,734: INFO: main: >>>>>> Data Ingestion Stage completed <<<<<<

x==========x]
